[     6.318] (--) Log file renamed from "/var/log/Xorg.pid-1302.log" to "/var/log/Xorg.0.log"
[     6.319] 
X.Org X Server 1.21.1.3
X Protocol Version 11, Revision 0
[     6.319] Current Operating System: Linux rager 5.18.5-arch1-1 #1 SMP PREEMPT_DYNAMIC Thu, 16 Jun 2022 20:40:45 +0000 x86_64
[     6.319] Kernel command line: BOOT_IMAGE=/boot/vmlinuz-linux root=UUID=4c014b94-e681-4477-b7b7-3ae9aa3bb064 rw quiet splash button.lid_init_state=open
[     6.319]  
[     6.319] Current version of pixman: 0.40.0
[     6.319]    Before reporting problems, check http://wiki.x.org
        to make sure that you have the latest version.
[     6.319] Markers: (--) probed, (**) from config file, (==) default setting,
        (++) from command line, (!!) notice, (II) informational,
        (WW) warning, (EE) error, (NI) not implemented, (??) unknown.
[     6.319] (==) Log file: "/var/log/Xorg.0.log", Time: Wed Jun 22 13:16:55 2022
[     6.320] (==) Using config directory: "/etc/X11/xorg.conf.d"
[     6.320] (==) Using system config directory "/usr/share/X11/xorg.conf.d"
[     6.320] (==) No Layout section.  Using the first Screen section.
[     6.320] (==) No screen section available. Using defaults.
[     6.320] (**) |-->Screen "Default Screen Section" (0)
[     6.320] (**) |   |-->Monitor "<default monitor>"
[     6.320] (==) No device specified for screen "Default Screen Section".
        Using the first device section listed.
[     6.320] (**) |   |-->Device "integrated"
[     6.320] (==) No monitor specified for screen "Default Screen Section".
        Using a default monitor configuration.
[     6.320] (==) Automatically adding devices
[     6.320] (==) Automatically enabling devices
[     6.320] (==) Automatically adding GPU devices
[     6.320] (==) Automatically binding GPU devices
[     6.320] (==) Max clients allowed: 256, resource mask: 0x1fffff
[     6.320] (WW) The directory "/usr/share/fonts/misc" does not exist.
[     6.320]    Entry deleted from font path.
[     6.321] (WW) The directory "/usr/share/fonts/OTF" does not exist.
[     6.321]    Entry deleted from font path.
[     6.321] (WW) The directory "/usr/share/fonts/Type1" does not exist.
[     6.321]    Entry deleted from font path.
[     6.321] (==) FontPath set to:
        /usr/share/fonts/TTF,
        /usr/share/fonts/100dpi,
        /usr/share/fonts/75dpi
[     6.321] (==) ModulePath set to "/usr/lib/xorg/modules"
[     6.321] (II) The server relies on udev to provide the list of input devices.
        If no devices become available, reconfigure udev or disable AutoAddDevices.
[     6.321] (II) Module ABI versions:
[     6.321]    X.Org ANSI C Emulation: 0.4
[     6.321]    X.Org Video Driver: 25.2
[     6.321]    X.Org XInput driver : 24.4
[     6.321]    X.Org Server Extension : 10.0
[     6.321] (++) using VT number 1

[     6.321] (II) systemd-logind: logind integration requires -keeptty and -keeptty was not provided, disabling logind integration
[     6.322] (II) xfree86: Adding drm device (/dev/dri/card0)
[     6.322] (II) Platform probe for /sys/devices/pci0000:00/0000:00:02.0/drm/card0
[     6.327] (--) PCI:*(0@0:2:0) 8086:9bc4:1a58:2009 rev 5, Mem @ 0x6043000000/16777216, 0x4000000000/268435456, I/O @ 0x00004000/64, BIOS @ 0x????????/131072
[     6.327] (--) PCI: (1@0:0:0) 10de:1e93:1a58:2009 rev 161, Mem @ 0xa3000000/16777216, 0x6030000000/268435456, 0x6040000000/33554432, I/O @ 0x00003000/128, BIOS @ 0x????????/524288
[     6.327] (WW) Open ACPI failed (/var/run/acpid.socket) (No such file or directory)
[     6.327] (II) LoadModule: "glx"
[     6.328] (II) Loading /usr/lib/xorg/modules/extensions/libglx.so
[     6.331] (II) Module glx: vendor="X.Org Foundation"
[     6.331]    compiled for 1.21.1.3, module version = 1.0.0
[     6.331]    ABI class: X.Org Server Extension, version 10.0
[     6.331] (II) LoadModule: "modesetting"
[     6.331] (II) Loading /usr/lib/xorg/modules/drivers/modesetting_drv.so
[     6.332] (II) Module modesetting: vendor="X.Org Foundation"
[     6.332]    compiled for 1.21.1.3, module version = 1.21.1
[     6.332]    Module class: X.Org Video Driver
[     6.332]    ABI class: X.Org Video Driver, version 25.2
[     6.332] (II) modesetting: Driver for Modesetting Kernel Drivers: kms
[     6.334] (II) modeset(0): using drv /dev/dri/card0
[     6.334] (II) modeset(0): Creating default Display subsection in Screen section
        "Default Screen Section" for depth/fbbpp 24/32
[     6.334] (==) modeset(0): Depth 24, (==) framebuffer bpp 32
[     6.334] (==) modeset(0): RGB weight 888
[     6.334] (==) modeset(0): Default visual is TrueColor
[     6.334] (II) Loading sub module "glamoregl"
[     6.334] (II) LoadModule: "glamoregl"
[     6.334] (II) Loading /usr/lib/xorg/modules/libglamoregl.so
[     6.337] (II) Module glamoregl: vendor="X.Org Foundation"
[     6.337]    compiled for 1.21.1.3, module version = 1.0.1
[     6.337]    ABI class: X.Org ANSI C Emulation, version 0.4
[     7.986] (II) modeset(0): glamor X acceleration enabled on Mesa Intel(R) UHD Graphics (CML GT2)
[     7.986] (II) modeset(0): glamor initialized
[     7.986] (==) modeset(0): VariableRefresh: disabled
[     7.986] (==) modeset(0): AsyncFlipSecondaries: disabled
[     7.987] (II) modeset(0): Output eDP-1 has no monitor section
[     7.989] (II) modeset(0): EDID for output eDP-1
[     7.989] (II) modeset(0): Manufacturer: AUO  Model: de8e  Serial#: 0
[     7.989] (II) modeset(0): Year: 2019  Week: 40
[     7.989] (II) modeset(0): EDID Version: 1.4
[     7.989] (II) modeset(0): Digital Display Input
[     7.989] (II) modeset(0): 8 bits per channel
[     7.989] (II) modeset(0): Digital interface is DisplayPort
[     7.989] (II) modeset(0): Max Image Size [cm]: horiz.: 34  vert.: 19
[     7.989] (II) modeset(0): Gamma: 2.20
[     7.989] (II) modeset(0): No DPMS capabilities specified
[     7.989] (II) modeset(0): Supported color encodings: RGB 4:4:4 
[     7.989] (II) modeset(0): First detailed timing is preferred mode
[     7.989] (II) modeset(0): Preferred mode is native pixel format and refresh rate
[     7.989] (II) modeset(0): Display is continuous-frequency
[     7.989] (II) modeset(0): redX: 0.640 redY: 0.330   greenX: 0.300 greenY: 0.600
[     7.989] (II) modeset(0): blueX: 0.150 blueY: 0.060   whiteX: 0.313 whiteY: 0.329
[     7.989] (II) modeset(0): Manufacturer's mask: 0
[     7.989] (II) modeset(0): Supported detailed timing:
[     7.989] (II) modeset(0): clock: 533.3 MHz   Image Size:  344 x 193 mm
[     7.989] (II) modeset(0): h_active: 1920  h_sync: 1968  h_sync_end 2000 h_blank_end 2000 h_border: 0
[     7.989] (II) modeset(0): v_active: 1080  v_sync: 1090  v_sync_end 1095 v_blanking: 1111 v_border: 0
[     7.989] (II) modeset(0): Supported detailed timing:
[     7.989] (II) modeset(0): clock: 133.4 MHz   Image Size:  344 x 193 mm
[     7.989] (II) modeset(0): h_active: 1920  h_sync: 1968  h_sync_end 2000 h_blank_end 2000 h_border: 0
[     7.989] (II) modeset(0): v_active: 1080  v_sync: 1090  v_sync_end 1095 v_blanking: 1111 v_border: 0
[     7.989] (II) modeset(0): Ranges: V min: 60 V max: 300 Hz, H min: 334 H max: 334 kHz, PixClock max 675 MHz
[     7.989] (II) modeset(0):  B156HAN12.0
[     7.989] (II) modeset(0): Number of EDID sections to follow: 1
[     7.989] (II) modeset(0): EDID (in hex):
[     7.989] (II) modeset(0):   00ffffffffffff0006af8ede00000000
[     7.989] (II) modeset(0):   281d0104a522137803ee95a3544c9926
[     7.989] (II) modeset(0):   0f505400000001010101010101010101
[     7.989] (II) modeset(0):   01010101010150d0805070381f403020
[     7.989] (II) modeset(0):   a50058c1100000181c34805070381f40
[     7.989] (II) modeset(0):   3020a50058c110000018000000fd0e3c
[     7.989] (II) modeset(0):   2d4f4f43010a202020202020000000fe
[     7.989] (II) modeset(0):   004231353648414e31322e30200a01b5
[     7.989] (II) modeset(0):   70137900000301148c0401847f074f00
[     7.989] (II) modeset(0):   2f001f0037041e000900040000000000
[     7.989] (II) modeset(0):   00000000000000000000000000000000
[     7.989] (II) modeset(0):   00000000000000000000000000000000
[     7.989] (II) modeset(0):   00000000000000000000000000000000
[     7.989] (II) modeset(0):   00000000000000000000000000000000
[     7.989] (II) modeset(0):   00000000000000000000000000000000
[     7.989] (II) modeset(0):   0000000000000000000000000000be90
[     7.989] (II) modeset(0): Printing probed modes for output eDP-1
[     7.989] (II) modeset(0): Modeline "1920x1080"x240.0  533.28  1920 1968 2000 2000  1080 1090 1095 1111 -hsync -vsync (266.6 kHz eP)
[     7.989] (II) modeset(0): Modeline "1920x1080"x60.0  356.38  1920 2080 2288 2656  1080 1081 1084 1118 doublescan -hsync +vsync (134.2 kHz d)
[     7.989] (II) modeset(0): Modeline "1920x1080"x60.0  266.50  1920 1944 1960 2000  1080 1081 1084 1111 doublescan +hsync -vsync (133.2 kHz d)
[     7.989] (II) modeset(0): Modeline "1920x1080"x60.0  173.00  1920 2048 2248 2576  1080 1083 1088 1120 -hsync +vsync (67.2 kHz d)
[     7.989] (II) modeset(0): Modeline "1920x1080"x59.9  138.50  1920 1968 2000 2080  1080 1083 1088 1111 +hsync -vsync (66.6 kHz d)
[     7.989] (II) modeset(0): Modeline "1680x1050"x60.0  146.25  1680 1784 1960 2240  1050 1053 1059 1089 -hsync +vsync (65.3 kHz d)
[     7.989] (II) modeset(0): Modeline "1680x1050"x59.9  119.00  1680 1728 1760 1840  1050 1053 1059 1080 +hsync -vsync (64.7 kHz d)
[     7.989] (II) modeset(0): Modeline "1400x1050"x74.8  155.80  1400 1464 1784 1912  1050 1052 1064 1090 +hsync +vsync (81.5 kHz d)
[     7.989] (II) modeset(0): Modeline "1400x1050"x60.0  122.00  1400 1488 1640 1880  1050 1052 1064 1082 +hsync +vsync (64.9 kHz d)
[     7.989] (II) modeset(0): Modeline "1600x900"x60.0  246.00  1600 1728 1900 2200  900 901 904 932 doublescan -hsync +vsync (111.8 kHz d)
[     7.989] (II) modeset(0): Modeline "1600x900"x59.9  186.50  1600 1624 1640 1680  900 901 904 926 doublescan +hsync -vsync (111.0 kHz d)
[     7.989] (II) modeset(0): Modeline "1600x900"x59.9  118.25  1600 1696 1856 2112  900 903 908 934 -hsync +vsync (56.0 kHz d)
[     7.989] (II) modeset(0): Modeline "1600x900"x59.8   97.50  1600 1648 1680 1760  900 903 908 926 +hsync -vsync (55.4 kHz d)
[     7.989] (II) modeset(0): Modeline "1280x1024"x85.0  157.50  1280 1344 1504 1728  1024 1025 1028 1072 +hsync +vsync (91.1 kHz d)
[     7.989] (II) modeset(0): Modeline "1280x1024"x75.0  135.00  1280 1296 1440 1688  1024 1025 1028 1066 +hsync +vsync (80.0 kHz d)
[     7.989] (II) modeset(0): Modeline "1280x1024"x60.0  108.00  1280 1328 1440 1688  1024 1025 1028 1066 +hsync +vsync (64.0 kHz d)
[     7.989] (II) modeset(0): Modeline "1400x900"x60.0  103.50  1400 1480 1624 1848  900 903 913 934 -hsync +vsync (56.0 kHz d)
[     7.989] (II) modeset(0): Modeline "1400x900"x59.9   86.50  1400 1448 1480 1560  900 903 913 926 +hsync -vsync (55.4 kHz d)
[     7.989] (II) modeset(0): Modeline "1280x960"x85.0  148.50  1280 1344 1504 1728  960 961 964 1011 +hsync +vsync (85.9 kHz d)
[     7.989] (II) modeset(0): Modeline "1280x960"x60.0  108.00  1280 1376 1488 1800  960 961 964 1000 +hsync +vsync (60.0 kHz d)
[     7.989] (II) modeset(0): Modeline "1440x810"x60.0  198.12  1440 1548 1704 1968  810 811 814 839 doublescan -hsync +vsync (100.7 kHz d)
[     7.989] (II) modeset(0): Modeline "1440x810"x60.0  151.88  1440 1464 1480 1520  810 811 814 833 doublescan +hsync -vsync (99.9 kHz d)
[     7.989] (II) modeset(0): Modeline "1368x768"x59.9   85.25  1368 1440 1576 1784  768 771 781 798 -hsync +vsync (47.8 kHz d)
[     7.989] (II) modeset(0): Modeline "1368x768"x59.9   72.25  1368 1416 1448 1528  768 771 781 790 +hsync -vsync (47.3 kHz d)
[     7.989] (II) modeset(0): Modeline "1280x800"x60.0  174.25  1280 1380 1516 1752  800 801 804 829 doublescan -hsync +vsync (99.5 kHz d)
[     7.989] (II) modeset(0): Modeline "1280x800"x60.0  134.25  1280 1304 1320 1360  800 801 804 823 doublescan +hsync -vsync (98.7 kHz d)
[     7.989] (II) modeset(0): Modeline "1280x800"x59.8   83.50  1280 1352 1480 1680  800 803 809 831 -hsync +vsync (49.7 kHz d)
[     7.989] (II) modeset(0): Modeline "1280x800"x59.9   71.00  1280 1328 1360 1440  800 803 809 823 +hsync -vsync (49.3 kHz d)
[     7.989] (II) modeset(0): Modeline "1152x864"x75.0  108.00  1152 1216 1344 1600  864 865 868 900 +hsync +vsync (67.5 kHz d)
[     7.989] (II) modeset(0): Modeline "1280x720"x60.0  156.12  1280 1376 1512 1744  720 721 724 746 doublescan -hsync +vsync (89.5 kHz d)
[     7.989] (II) modeset(0): Modeline "1280x720"x60.0  120.75  1280 1304 1320 1360  720 721 724 740 doublescan +hsync -vsync (88.8 kHz d)
[     7.989] (II) modeset(0): Modeline "1280x720"x59.9   74.50  1280 1344 1472 1664  720 723 728 748 -hsync +vsync (44.8 kHz d)
[     7.989] (II) modeset(0): Modeline "1280x720"x59.7   63.75  1280 1328 1360 1440  720 723 728 741 +hsync -vsync (44.3 kHz d)
[     7.989] (II) modeset(0): Modeline "1024x768"x85.0  194.02  1024 1108 1220 1416  768 768 770 806 doublescan -hsync +vsync (137.0 kHz d)
[     7.989] (II) modeset(0): Modeline "1024x768"x75.0  170.24  1024 1108 1220 1416  768 768 770 801 doublescan -hsync +vsync (120.2 kHz d)
[     7.989] (II) modeset(0): Modeline "1024x768"x60.0  133.47  1024 1100 1212 1400  768 768 770 794 doublescan -hsync +vsync (95.3 kHz d)
[     7.989] (II) modeset(0): Modeline "1024x768"x85.0   94.50  1024 1072 1168 1376  768 769 772 808 +hsync +vsync (68.7 kHz d)
[     7.989] (II) modeset(0): Modeline "1024x768"x75.0   78.75  1024 1040 1136 1312  768 769 772 800 +hsync +vsync (60.0 kHz d)
[     7.989] (II) modeset(0): Modeline "1024x768"x70.1   75.00  1024 1048 1184 1328  768 771 777 806 -hsync -vsync (56.5 kHz d)
[     7.989] (II) modeset(0): Modeline "1024x768"x60.0   65.00  1024 1048 1184 1344  768 771 777 806 -hsync -vsync (48.4 kHz d)
[     7.989] (II) modeset(0): Modeline "1024x768i"x87.0   44.90  1024 1032 1208 1264  768 768 776 817 interlace +hsync +vsync (35.5 kHz d)
[     7.989] (II) modeset(0): Modeline "960x720"x85.0  170.68  960 1036 1144 1328  720 720 722 756 doublescan -hsync +vsync (128.5 kHz d)
[     7.989] (II) modeset(0): Modeline "960x720"x75.0  148.50  960 1032 1144 1320  720 720 722 750 doublescan -hsync +vsync (112.5 kHz d)
[     7.989] (II) modeset(0): Modeline "960x720"x60.0  117.00  960 1024 1128 1300  720 720 722 750 doublescan -hsync +vsync (90.0 kHz d)
[     7.989] (II) modeset(0): Modeline "928x696"x75.0  144.00  928 992 1104 1280  696 696 698 750 doublescan -hsync +vsync (112.5 kHz d)
[     7.989] (II) modeset(0): Modeline "928x696"x60.1  109.15  928 976 1088 1264  696 696 698 719 doublescan -hsync +vsync (86.4 kHz d)
[     7.989] (II) modeset(0): Modeline "896x672"x75.0  130.50  896 944 1052 1228  672 672 674 708 doublescan -hsync +vsync (106.3 kHz d)
[     7.989] (II) modeset(0): Modeline "896x672"x60.0  102.40  896 960 1060 1224  672 672 674 697 doublescan -hsync +vsync (83.7 kHz d)
[     7.989] (II) modeset(0): Modeline "1024x576"x60.0   98.50  1024 1092 1200 1376  576 577 580 597 doublescan -hsync +vsync (71.6 kHz d)
[     7.989] (II) modeset(0): Modeline "1024x576"x60.0   78.38  1024 1048 1064 1104  576 577 580 592 doublescan +hsync -vsync (71.0 kHz d)
[     7.989] (II) modeset(0): Modeline "1024x576"x59.9   46.50  1024 1064 1160 1296  576 579 584 599 -hsync +vsync (35.9 kHz d)
[     7.989] (II) modeset(0): Modeline "1024x576"x59.8   42.00  1024 1072 1104 1184  576 579 584 593 +hsync -vsync (35.5 kHz d)
[     7.989] (II) modeset(0): Modeline "960x600"x59.9   96.62  960 1028 1128 1296  600 601 604 622 doublescan -hsync +vsync (74.6 kHz d)
[     7.989] (II) modeset(0): Modeline "960x600"x60.0   77.00  960 984 1000 1040  600 601 604 617 doublescan +hsync -vsync (74.0 kHz d)
[     7.989] (II) modeset(0): Modeline "832x624"x74.6   57.28  832 864 928 1152  624 625 628 667 -hsync -vsync (49.7 kHz d)
[     7.989] (II) modeset(0): Modeline "960x540"x60.0   86.50  960 1024 1124 1288  540 541 544 560 doublescan -hsync +vsync (67.2 kHz d)
[     7.989] (II) modeset(0): Modeline "960x540"x60.0   69.25  960 984 1000 1040  540 541 544 555 doublescan +hsync -vsync (66.6 kHz d)
[     7.989] (II) modeset(0): Modeline "960x540"x59.6   40.75  960 992 1088 1216  540 543 548 562 -hsync +vsync (33.5 kHz d)
[     7.989] (II) modeset(0): Modeline "960x540"x59.8   37.25  960 1008 1040 1120  540 543 548 556 +hsync -vsync (33.3 kHz d)
[     7.989] (II) modeset(0): Modeline "800x600"x85.0  114.75  800 832 928 1080  600 600 602 625 doublescan +hsync +vsync (106.2 kHz d)
[     7.989] (II) modeset(0): Modeline "800x600"x75.0  101.25  800 832 928 1080  600 600 602 625 doublescan +hsync +vsync (93.8 kHz d)
[     7.989] (II) modeset(0): Modeline "800x600"x70.0   94.50  800 832 928 1080  600 600 602 625 doublescan +hsync +vsync (87.5 kHz d)
[     7.989] (II) modeset(0): Modeline "800x600"x65.0   87.75  800 832 928 1080  600 600 602 625 doublescan +hsync +vsync (81.2 kHz d)
[     7.989] (II) modeset(0): Modeline "800x600"x60.0   81.00  800 832 928 1080  600 600 602 625 doublescan +hsync +vsync (75.0 kHz d)
[     7.989] (II) modeset(0): Modeline "800x600"x85.1   56.30  800 832 896 1048  600 601 604 631 +hsync +vsync (53.7 kHz d)
[     7.989] (II) modeset(0): Modeline "800x600"x72.2   50.00  800 856 976 1040  600 637 643 666 +hsync +vsync (48.1 kHz d)
[     7.989] (II) modeset(0): Modeline "800x600"x75.0   49.50  800 816 896 1056  600 601 604 625 +hsync +vsync (46.9 kHz d)
[     7.989] (II) modeset(0): Modeline "800x600"x60.3   40.00  800 840 968 1056  600 601 605 628 +hsync +vsync (37.9 kHz d)
[     7.989] (II) modeset(0): Modeline "800x600"x56.2   36.00  800 824 896 1024  600 601 603 625 +hsync +vsync (35.2 kHz d)
[     7.989] (II) modeset(0): Modeline "840x525"x60.0   73.12  840 892 980 1120  525 526 529 544 doublescan -hsync +vsync (65.3 kHz d)
[     7.989] (II) modeset(0): Modeline "840x525"x59.9   59.50  840 864 880 920  525 526 529 540 doublescan +hsync -vsync (64.7 kHz d)
[     7.989] (II) modeset(0): Modeline "864x486"x59.9   32.50  864 888 968 1072  486 489 494 506 -hsync +vsync (30.3 kHz d)
[     7.989] (II) modeset(0): Modeline "864x486"x59.6   30.50  864 912 944 1024  486 489 494 500 +hsync -vsync (29.8 kHz d)
[     7.989] (II) modeset(0): Modeline "700x525"x74.8   77.90  700 732 892 956  525 526 532 545 doublescan +hsync +vsync (81.5 kHz d)
[     7.989] (II) modeset(0): Modeline "700x525"x60.0   61.00  700 744 820 940  525 526 532 541 doublescan +hsync +vsync (64.9 kHz d)
[     7.989] (II) modeset(0): Modeline "800x450"x59.9   59.12  800 848 928 1056  450 451 454 467 doublescan -hsync +vsync (56.0 kHz d)
[     7.989] (II) modeset(0): Modeline "800x450"x59.8   48.75  800 824 840 880  450 451 454 463 doublescan +hsync -vsync (55.4 kHz d)
[     7.989] (II) modeset(0): Modeline "640x512"x85.0   78.75  640 672 752 864  512 512 514 536 doublescan +hsync +vsync (91.1 kHz d)
[     7.989] (II) modeset(0): Modeline "640x512"x75.0   67.50  640 648 720 844  512 512 514 533 doublescan +hsync +vsync (80.0 kHz d)
[     7.989] (II) modeset(0): Modeline "640x512"x60.0   54.00  640 664 720 844  512 512 514 533 doublescan +hsync +vsync (64.0 kHz d)
[     7.989] (II) modeset(0): Modeline "700x450"x60.0   51.75  700 740 812 924  450 451 456 467 doublescan -hsync +vsync (56.0 kHz d)
[     7.989] (II) modeset(0): Modeline "700x450"x59.9   43.25  700 724 740 780  450 451 456 463 doublescan +hsync -vsync (55.4 kHz d)
[     7.989] (II) modeset(0): Modeline "640x480"x85.1   74.25  640 672 752 864  480 480 482 505 doublescan +hsync +vsync (85.9 kHz d)
[     7.989] (II) modeset(0): Modeline "640x480"x60.0   54.00  640 688 744 900  480 480 482 500 doublescan +hsync +vsync (60.0 kHz d)
[     7.989] (II) modeset(0): Modeline "640x480"x85.0   36.00  640 696 752 832  480 481 484 509 -hsync -vsync (43.3 kHz d)
[     7.989] (II) modeset(0): Modeline "640x480"x72.8   31.50  640 664 704 832  480 489 492 520 -hsync -vsync (37.9 kHz d)
[     7.989] (II) modeset(0): Modeline "640x480"x75.0   31.50  640 656 720 840  480 481 484 500 -hsync -vsync (37.5 kHz d)
[     7.989] (II) modeset(0): Modeline "640x480"x59.9   25.18  640 656 752 800  480 490 492 525 -hsync -vsync (31.5 kHz d)
[     7.989] (II) modeset(0): Modeline "720x405"x59.5   22.50  720 744 808 896  405 408 413 422 -hsync +vsync (25.1 kHz d)
[     7.989] (II) modeset(0): Modeline "720x405"x59.0   21.75  720 768 800 880  405 408 413 419 +hsync -vsync (24.7 kHz d)
[     7.989] (II) modeset(0): Modeline "720x400"x85.0   35.50  720 756 828 936  400 401 404 446 -hsync +vsync (37.9 kHz d)
[     7.989] (II) modeset(0): Modeline "684x384"x59.9   42.62  684 720 788 892  384 385 390 399 doublescan -hsync +vsync (47.8 kHz d)
[     7.989] (II) modeset(0): Modeline "684x384"x59.9   36.12  684 708 724 764  384 385 390 395 doublescan +hsync -vsync (47.3 kHz d)
[     7.989] (II) modeset(0): Modeline "640x400"x59.9   41.75  640 676 740 840  400 401 404 415 doublescan -hsync +vsync (49.7 kHz d)
[     7.989] (II) modeset(0): Modeline "640x400"x60.0   35.50  640 664 680 720  400 401 404 411 doublescan +hsync -vsync (49.3 kHz d)
[     7.989] (II) modeset(0): Modeline "640x400"x85.1   31.50  640 672 736 832  400 401 404 445 -hsync +vsync (37.9 kHz d)
[     7.989] (II) modeset(0): Modeline "576x432"x75.0   54.00  576 608 672 800  432 432 434 450 doublescan +hsync +vsync (67.5 kHz d)
[     7.989] (II) modeset(0): Modeline "640x360"x59.9   37.25  640 672 736 832  360 361 364 374 doublescan -hsync +vsync (44.8 kHz d)
[     7.989] (II) modeset(0): Modeline "640x360"x59.8   31.88  640 664 680 720  360 361 364 370 doublescan +hsync -vsync (44.3 kHz d)
[     7.989] (II) modeset(0): Modeline "640x360"x59.8   18.00  640 664 720 800  360 363 368 376 -hsync +vsync (22.5 kHz d)
[     7.989] (II) modeset(0): Modeline "640x360"x59.3   17.75  640 688 720 800  360 363 368 374 +hsync -vsync (22.2 kHz d)
[     7.989] (II) modeset(0): Modeline "640x350"x85.1   31.50  640 672 736 832  350 382 385 445 +hsync -vsync (37.9 kHz d)
[     7.989] (II) modeset(0): Modeline "512x384"x85.0   47.25  512 536 584 688  384 384 386 404 doublescan +hsync +vsync (68.7 kHz d)
[     7.989] (II) modeset(0): Modeline "512x384"x75.0   39.38  512 520 568 656  384 384 386 400 doublescan +hsync +vsync (60.0 kHz d)
[     7.989] (II) modeset(0): Modeline "512x384"x70.1   37.50  512 524 592 664  384 385 388 403 doublescan -hsync -vsync (56.5 kHz d)
[     7.989] (II) modeset(0): Modeline "512x384"x60.0   32.50  512 524 592 672  384 385 388 403 doublescan -hsync -vsync (48.4 kHz d)
[     7.989] (II) modeset(0): Modeline "512x384i"x87.1   22.45  512 516 604 632  384 384 388 408 interlace doublescan +hsync +vsync (35.5 kHz d)
[     7.989] (II) modeset(0): Modeline "512x288"x60.0   23.25  512 532 580 648  288 289 292 299 doublescan -hsync +vsync (35.9 kHz d)
[     7.989] (II) modeset(0): Modeline "512x288"x59.9   21.00  512 536 552 592  288 289 292 296 doublescan +hsync -vsync (35.5 kHz d)
[     7.989] (II) modeset(0): Modeline "416x312"x74.7   28.64  416 432 464 576  312 312 314 333 doublescan -hsync -vsync (49.7 kHz d)
[     7.989] (II) modeset(0): Modeline "480x270"x59.6   20.38  480 496 544 608  270 271 274 281 doublescan -hsync +vsync (33.5 kHz d)
[     7.989] (II) modeset(0): Modeline "480x270"x59.8   18.62  480 504 520 560  270 271 274 278 doublescan +hsync -vsync (33.3 kHz d)
[     7.989] (II) modeset(0): Modeline "400x300"x85.3   28.15  400 416 448 524  300 300 302 315 doublescan +hsync +vsync (53.7 kHz d)
[     7.989] (II) modeset(0): Modeline "400x300"x72.2   25.00  400 428 488 520  300 318 321 333 doublescan +hsync +vsync (48.1 kHz d)
[     7.989] (II) modeset(0): Modeline "400x300"x75.1   24.75  400 408 448 528  300 300 302 312 doublescan +hsync +vsync (46.9 kHz d)
[     7.989] (II) modeset(0): Modeline "400x300"x60.3   20.00  400 420 484 528  300 300 302 314 doublescan +hsync +vsync (37.9 kHz d)
[     7.989] (II) modeset(0): Modeline "400x300"x56.3   18.00  400 412 448 512  300 300 301 312 doublescan +hsync +vsync (35.2 kHz d)
[     7.989] (II) modeset(0): Modeline "432x243"x59.9   16.25  432 444 484 536  243 244 247 253 doublescan -hsync +vsync (30.3 kHz d)
[     7.989] (II) modeset(0): Modeline "432x243"x59.6   15.25  432 456 472 512  243 244 247 250 doublescan +hsync -vsync (29.8 kHz d)
[     7.989] (II) modeset(0): Modeline "320x240"x85.2   18.00  320 348 376 416  240 240 242 254 doublescan -hsync -vsync (43.3 kHz d)
[     7.989] (II) modeset(0): Modeline "320x240"x72.8   15.75  320 332 352 416  240 244 246 260 doublescan -hsync -vsync (37.9 kHz d)
[     7.989] (II) modeset(0): Modeline "320x240"x75.0   15.75  320 328 360 420  240 240 242 250 doublescan -hsync -vsync (37.5 kHz d)
[     7.989] (II) modeset(0): Modeline "320x240"x60.1   12.59  320 328 376 400  240 245 246 262 doublescan -hsync -vsync (31.5 kHz d)
[     7.989] (II) modeset(0): Modeline "360x202"x59.5   11.25  360 372 404 448  202 204 206 211 doublescan -hsync +vsync (25.1 kHz d)
[     7.989] (II) modeset(0): Modeline "360x202"x59.1   10.88  360 384 400 440  202 204 206 209 doublescan +hsync -vsync (24.7 kHz d)
[     7.989] (II) modeset(0): Modeline "360x200"x85.0   17.75  360 378 414 468  200 200 202 223 doublescan -hsync +vsync (37.9 kHz d)
[     7.989] (II) modeset(0): Modeline "320x200"x85.3   15.75  320 336 368 416  200 200 202 222 doublescan -hsync +vsync (37.9 kHz d)
[     7.989] (II) modeset(0): Modeline "320x180"x59.8    9.00  320 332 360 400  180 181 184 188 doublescan -hsync +vsync (22.5 kHz d)
[     7.989] (II) modeset(0): Modeline "320x180"x59.3    8.88  320 344 360 400  180 181 184 187 doublescan +hsync -vsync (22.2 kHz d)
[     7.989] (II) modeset(0): Modeline "320x175"x85.3   15.75  320 336 368 416  175 191 192 222 doublescan +hsync -vsync (37.9 kHz d)
[     7.989] (II) modeset(0): Output eDP-1 connected
[     7.989] (II) modeset(0): Using exact sizes for initial modes
[     7.989] (II) modeset(0): Output eDP-1 using initial mode 1920x1080 +0+0
[     7.989] (==) modeset(0): Using gamma correction (1.0, 1.0, 1.0)
[     7.989] (==) modeset(0): DPI set to (96, 96)
[     7.989] (II) Loading sub module "fb"
[     7.989] (II) LoadModule: "fb"
[     7.989] (II) Module "fb" already built-in
[     8.002] (==) modeset(0): Backing store enabled
[     8.002] (==) modeset(0): Silken mouse enabled
[     8.021] (II) modeset(0): Initializing kms color map for depth 24, 8 bpc.
[     8.022] (==) modeset(0): DPMS enabled
[     8.022] (WW) modeset(0): Option "DRI" is not used
[     8.022] (II) modeset(0): [DRI2] Setup complete
[     8.022] (II) modeset(0): [DRI2]   DRI driver: iris
[     8.022] (II) modeset(0): [DRI2]   VDPAU driver: va_gl
[     8.022] (II) Initializing extension Generic Event Extension
[     8.022] (II) Initializing extension SHAPE
[     8.023] (II) Initializing extension MIT-SHM
[     8.023] (II) Initializing extension XInputExtension
[     8.023] (II) Initializing extension XTEST
[     8.023] (II) Initializing extension BIG-REQUESTS
[     8.024] (II) Initializing extension SYNC
[     8.024] (II) Initializing extension XKEYBOARD
[     8.024] (II) Initializing extension XC-MISC
[     8.024] (II) Initializing extension SECURITY
[     8.025] (II) Initializing extension XFIXES
[     8.025] (II) Initializing extension RENDER
[     8.025] (II) Initializing extension RANDR
[     8.026] (II) Initializing extension COMPOSITE
[     8.026] (II) Initializing extension DAMAGE
[     8.026] (II) Initializing extension MIT-SCREEN-SAVER
[     8.027] (II) Initializing extension DOUBLE-BUFFER
[     8.027] (II) Initializing extension RECORD
[     8.027] (II) Initializing extension DPMS
[     8.027] (II) Initializing extension Present
[     8.027] (II) Initializing extension DRI3
[     8.027] (II) Initializing extension X-Resource
[     8.027] (II) Initializing extension XVideo
[     8.027] (II) Initializing extension XVideo-MotionCompensation
[     8.027] (II) Initializing extension GLX
[     8.031] (II) AIGLX: Loaded and initialized iris
[     8.031] (II) GLX: Initialized DRI2 GL provider for screen 0
[     8.031] (II) Initializing extension XFree86-VidModeExtension
[     8.031] (II) Initializing extension XFree86-DGA
[     8.031] (II) Initializing extension XFree86-DRI
[     8.031] (II) Initializing extension DRI2
[     8.031] (II) modeset(0): Damage tracking initialized
[     8.031] (II) modeset(0): Setting screen physical size to 508 x 285
[     8.077] (II) config/udev: Adding input device Power Button (/dev/input/event2)
[     8.077] (**) Power Button: Applying InputClass "libinput keyboard catchall"
[     8.077] (II) LoadModule: "libinput"
[     8.077] (II) Loading /usr/lib/xorg/modules/input/libinput_drv.so
[     8.079] (II) Module libinput: vendor="X.Org Foundation"
[     8.079]    compiled for 1.21.1.3, module version = 1.2.1
[     8.079]    Module class: X.Org XInput Driver
[     8.079]    ABI class: X.Org XInput driver, version 24.4
[     8.079] (II) Using input driver 'libinput' for 'Power Button'
[     8.079] (**) Power Button: always reports core events
[     8.079] (**) Option "Device" "/dev/input/event2"
[     8.083] (II) event2  - Power Button: is tagged by udev as: Keyboard
[     8.083] (II) event2  - Power Button: device is a keyboard
[     8.083] (II) event2  - Power Button: device removed
[     8.124] (**) Option "config_info" "udev:/sys/devices/LNXSYSTM:00/LNXPWRBN:00/input/input2/event2"
[     8.124] (II) XINPUT: Adding extended input device "Power Button" (type: KEYBOARD, id 6)
[     8.126] (II) event2  - Power Button: is tagged by udev as: Keyboard
[     8.126] (II) event2  - Power Button: device is a keyboard
[     8.128] (II) config/udev: Adding input device Video Bus (/dev/input/event3)
[     8.128] (**) Video Bus: Applying InputClass "libinput keyboard catchall"
[     8.128] (II) Using input driver 'libinput' for 'Video Bus'
[     8.128] (**) Video Bus: always reports core events
[     8.128] (**) Option "Device" "/dev/input/event3"
[     8.129] (II) event3  - Video Bus: is tagged by udev as: Keyboard
[     8.130] (II) event3  - Video Bus: device is a keyboard
[     8.130] (II) event3  - Video Bus: device removed
[     8.182] (**) Option "config_info" "udev:/sys/devices/LNXSYSTM:00/LNXSYBUS:00/PNP0A08:00/LNXVIDEO:00/input/input3/event3"
[     8.183] (II) XINPUT: Adding extended input device "Video Bus" (type: KEYBOARD, id 7)
[     8.185] (II) event3  - Video Bus: is tagged by udev as: Keyboard
[     8.185] (II) event3  - Video Bus: device is a keyboard
[     8.186] (II) config/udev: Adding input device Video Bus (/dev/input/event4)
[     8.186] (**) Video Bus: Applying InputClass "libinput keyboard catchall"
[     8.186] (II) Using input driver 'libinput' for 'Video Bus'
[     8.186] (**) Video Bus: always reports core events
[     8.186] (**) Option "Device" "/dev/input/event4"
[     8.188] (II) event4  - Video Bus: is tagged by udev as: Keyboard
[     8.188] (II) event4  - Video Bus: device is a keyboard
[     8.189] (II) event4  - Video Bus: device removed
[     8.226] (**) Option "config_info" "udev:/sys/devices/LNXSYSTM:00/LNXSYBUS:00/PNP0A08:00/device:13/LNXVIDEO:01/input/input4/event4"
[     8.226] (II) XINPUT: Adding extended input device "Video Bus" (type: KEYBOARD, id 8)
[     8.228] (II) event4  - Video Bus: is tagged by udev as: Keyboard
[     8.229] (II) event4  - Video Bus: device is a keyboard
[     8.230] (II) config/udev: Adding input device Lid Switch (/dev/input/event0)
[     8.230] (II) No input driver specified, ignoring this device.
[     8.230] (II) This device may have been added with another device file.
[     8.231] (II) config/udev: Adding input device Power Button (/dev/input/event1)
[     8.231] (**) Power Button: Applying InputClass "libinput keyboard catchall"
[     8.231] (II) Using input driver 'libinput' for 'Power Button'
[     8.231] (**) Power Button: always reports core events
[     8.231] (**) Option "Device" "/dev/input/event1"
[     8.233] (II) event1  - Power Button: is tagged by udev as: Keyboard
[     8.233] (II) event1  - Power Button: device is a keyboard
[     8.233] (II) event1  - Power Button: device removed
[     8.253] (**) Option "config_info" "udev:/sys/devices/LNXSYSTM:00/LNXSYBUS:00/PNP0C0C:00/input/input1/event1"
[     8.253] (II) XINPUT: Adding extended input device "Power Button" (type: KEYBOARD, id 9)
[     8.255] (II) event1  - Power Button: is tagged by udev as: Keyboard
[     8.255] (II) event1  - Power Button: device is a keyboard
[     8.256] (II) config/udev: Adding input device HDA NVidia HDMI/DP,pcm=3 (/dev/input/event17)
[     8.256] (II) No input driver specified, ignoring this device.
[     8.256] (II) This device may have been added with another device file.
[     8.257] (II) config/udev: Adding input device HDA NVidia HDMI/DP,pcm=7 (/dev/input/event18)
[     8.257] (II) No input driver specified, ignoring this device.
[     8.257] (II) This device may have been added with another device file.
[     8.257] (II) config/udev: Adding input device HDA NVidia HDMI/DP,pcm=8 (/dev/input/event19)
[     8.258] (II) No input driver specified, ignoring this device.
[     8.258] (II) This device may have been added with another device file.
[     8.258] (II) config/udev: Adding input device HDA NVidia HDMI/DP,pcm=9 (/dev/input/event20)
[     8.258] (II) No input driver specified, ignoring this device.
[     8.258] (II) This device may have been added with another device file.
[     8.259] (II) config/udev: Adding input device HDA NVidia HDMI/DP,pcm=10 (/dev/input/event21)
[     8.259] (II) No input driver specified, ignoring this device.
[     8.259] (II) This device may have been added with another device file.
[     8.260] (II) config/udev: Adding input device HDA NVidia HDMI/DP,pcm=11 (/dev/input/event22)
[     8.260] (II) No input driver specified, ignoring this device.
[     8.260] (II) This device may have been added with another device file.
[     8.261] (II) config/udev: Adding input device HDA NVidia HDMI/DP,pcm=12 (/dev/input/event23)
[     8.261] (II) No input driver specified, ignoring this device.
[     8.261] (II) This device may have been added with another device file.
[     8.263] (II) config/udev: Adding input device BY Tech Usb Gaming Keyboard (/dev/input/event9)
[     8.263] (**) BY Tech Usb Gaming Keyboard: Applying InputClass "libinput keyboard catchall"
[     8.263] (II) Using input driver 'libinput' for 'BY Tech Usb Gaming Keyboard'
[     8.263] (**) BY Tech Usb Gaming Keyboard: always reports core events
[     8.263] (**) Option "Device" "/dev/input/event9"
[     8.265] (II) event9  - BY Tech Usb Gaming Keyboard: is tagged by udev as: Keyboard
[     8.266] (II) event9  - BY Tech Usb Gaming Keyboard: device is a keyboard
[     8.266] (II) event9  - BY Tech Usb Gaming Keyboard: device removed
[     8.289] (**) Option "config_info" "udev:/sys/devices/pci0000:00/0000:00:14.0/usb1/1-2/1-2.4/1-2.4:1.0/0003:258A:0016.0004/input/input9/event9"
[     8.289] (II) XINPUT: Adding extended input device "BY Tech Usb Gaming Keyboard" (type: KEYBOARD, id 10)
[     8.293] (II) event9  - BY Tech Usb Gaming Keyboard: is tagged by udev as: Keyboard
[     8.293] (II) event9  - BY Tech Usb Gaming Keyboard: device is a keyboard
[     8.295] (II) config/udev: Adding input device BY Tech Usb Gaming Keyboard System Control (/dev/input/event10)
[     8.295] (**) BY Tech Usb Gaming Keyboard System Control: Applying InputClass "libinput keyboard catchall"
[     8.295] (II) Using input driver 'libinput' for 'BY Tech Usb Gaming Keyboard System Control'
[     8.295] (**) BY Tech Usb Gaming Keyboard System Control: always reports core events
[     8.295] (**) Option "Device" "/dev/input/event10"
[     8.298] (II) event10 - BY Tech Usb Gaming Keyboard System Control: is tagged by udev as: Keyboard
[     8.298] (II) event10 - BY Tech Usb Gaming Keyboard System Control: device is a keyboard
[     8.299] (II) event10 - BY Tech Usb Gaming Keyboard System Control: device removed
[     8.316] (**) Option "config_info" "udev:/sys/devices/pci0000:00/0000:00:14.0/usb1/1-2/1-2.4/1-2.4:1.1/0003:258A:0016.0005/input/input10/event10"
[     8.316] (II) XINPUT: Adding extended input device "BY Tech Usb Gaming Keyboard System Control" (type: KEYBOARD, id 11)
[     8.319] (II) event10 - BY Tech Usb Gaming Keyboard System Control: is tagged by udev as: Keyboard
[     8.320] (II) event10 - BY Tech Usb Gaming Keyboard System Control: device is a keyboard
[     8.322] (II) config/udev: Adding input device BY Tech Usb Gaming Keyboard Consumer Control (/dev/input/event11)
[     8.322] (**) BY Tech Usb Gaming Keyboard Consumer Control: Applying InputClass "libinput keyboard catchall"
[     8.322] (II) Using input driver 'libinput' for 'BY Tech Usb Gaming Keyboard Consumer Control'
[     8.322] (**) BY Tech Usb Gaming Keyboard Consumer Control: always reports core events
[     8.322] (**) Option "Device" "/dev/input/event11"
[     8.325] (II) event11 - BY Tech Usb Gaming Keyboard Consumer Control: is tagged by udev as: Keyboard
[     8.325] (II) event11 - BY Tech Usb Gaming Keyboard Consumer Control: device is a keyboard
[     8.325] (II) event11 - BY Tech Usb Gaming Keyboard Consumer Control: device removed
[     8.343] (II) libinput: BY Tech Usb Gaming Keyboard Consumer Control: needs a virtual subdevice
[     8.343] (**) Option "config_info" "udev:/sys/devices/pci0000:00/0000:00:14.0/usb1/1-2/1-2.4/1-2.4:1.1/0003:258A:0016.0005/input/input11/event11"
[     8.343] (II) XINPUT: Adding extended input device "BY Tech Usb Gaming Keyboard Consumer Control" (type: MOUSE, id 12)
[     8.343] (**) Option "AccelerationScheme" "none"
[     8.343] (**) BY Tech Usb Gaming Keyboard Consumer Control: (accel) selected scheme none/0
[     8.343] (**) BY Tech Usb Gaming Keyboard Consumer Control: (accel) acceleration factor: 2.000
[     8.343] (**) BY Tech Usb Gaming Keyboard Consumer Control: (accel) acceleration threshold: 4
[     8.346] (II) event11 - BY Tech Usb Gaming Keyboard Consumer Control: is tagged by udev as: Keyboard
[     8.346] (II) event11 - BY Tech Usb Gaming Keyboard Consumer Control: device is a keyboard
[     8.348] (II) config/udev: Adding input device BY Tech Usb Gaming Keyboard (/dev/input/event12)
[     8.348] (**) BY Tech Usb Gaming Keyboard: Applying InputClass "libinput keyboard catchall"
[     8.348] (II) Using input driver 'libinput' for 'BY Tech Usb Gaming Keyboard'
[     8.348] (**) BY Tech Usb Gaming Keyboard: always reports core events
[     8.348] (**) Option "Device" "/dev/input/event12"
[     8.351] (II) event12 - BY Tech Usb Gaming Keyboard: is tagged by udev as: Keyboard
[     8.351] (II) event12 - BY Tech Usb Gaming Keyboard: device is a keyboard
[     8.352] (II) event12 - BY Tech Usb Gaming Keyboard: device removed
[     8.369] (**) Option "config_info" "udev:/sys/devices/pci0000:00/0000:00:14.0/usb1/1-2/1-2.4/1-2.4:1.1/0003:258A:0016.0005/input/input13/event12"
[     8.369] (II) XINPUT: Adding extended input device "BY Tech Usb Gaming Keyboard" (type: KEYBOARD, id 13)
[     8.373] (II) event12 - BY Tech Usb Gaming Keyboard: is tagged by udev as: Keyboard
[     8.373] (II) event12 - BY Tech Usb Gaming Keyboard: device is a keyboard
[     8.375] (II) config/udev: Adding input device BY Tech Usb Gaming Keyboard Mouse (/dev/input/event13)
[     8.375] (**) BY Tech Usb Gaming Keyboard Mouse: Applying InputClass "libinput pointer catchall"
[     8.375] (II) Using input driver 'libinput' for 'BY Tech Usb Gaming Keyboard Mouse'
[     8.375] (**) BY Tech Usb Gaming Keyboard Mouse: always reports core events
[     8.375] (**) Option "Device" "/dev/input/event13"
[     8.378] (II) event13 - BY Tech Usb Gaming Keyboard Mouse: is tagged by udev as: Mouse
[     8.379] (II) event13 - BY Tech Usb Gaming Keyboard Mouse: device is a pointer
[     8.379] (II) event13 - BY Tech Usb Gaming Keyboard Mouse: device removed
[     8.426] (**) Option "config_info" "udev:/sys/devices/pci0000:00/0000:00:14.0/usb1/1-2/1-2.4/1-2.4:1.1/0003:258A:0016.0005/input/input14/event13"
[     8.426] (II) XINPUT: Adding extended input device "BY Tech Usb Gaming Keyboard Mouse" (type: MOUSE, id 14)
[     8.426] (**) Option "AccelerationScheme" "none"
[     8.426] (**) BY Tech Usb Gaming Keyboard Mouse: (accel) selected scheme none/0
[     8.426] (**) BY Tech Usb Gaming Keyboard Mouse: (accel) acceleration factor: 2.000
[     8.426] (**) BY Tech Usb Gaming Keyboard Mouse: (accel) acceleration threshold: 4
[     8.429] (II) event13 - BY Tech Usb Gaming Keyboard Mouse: is tagged by udev as: Mouse
[     8.430] (II) event13 - BY Tech Usb Gaming Keyboard Mouse: device is a pointer
[     8.432] (II) config/udev: Adding input device BY Tech Usb Gaming Keyboard Mouse (/dev/input/mouse1)
[     8.432] (II) No input driver specified, ignoring this device.
[     8.432] (II) This device may have been added with another device file.
[     8.433] (II) config/udev: Adding input device Integrated Camera: Integrated C (/dev/input/event5)
[     8.433] (**) Integrated Camera: Integrated C: Applying InputClass "libinput keyboard catchall"
[     8.433] (II) Using input driver 'libinput' for 'Integrated Camera: Integrated C'
[     8.433] (**) Integrated Camera: Integrated C: always reports core events
[     8.433] (**) Option "Device" "/dev/input/event5"
[     8.435] (II) event5  - Integrated Camera: Integrated C: is tagged by udev as: Keyboard
[     8.435] (II) event5  - Integrated Camera: Integrated C: device is a keyboard
[     8.436] (II) event5  - Integrated Camera: Integrated C: device removed
[     8.479] (**) Option "config_info" "udev:/sys/devices/pci0000:00/0000:00:14.0/usb1/1-7/1-7:1.0/input/input36/event5"
[     8.479] (II) XINPUT: Adding extended input device "Integrated Camera: Integrated C" (type: KEYBOARD, id 15)
[     8.482] (II) event5  - Integrated Camera: Integrated C: is tagged by udev as: Keyboard
[     8.482] (II) event5  - Integrated Camera: Integrated C: device is a keyboard
[     8.484] (II) config/udev: Adding input device Integrated Camera: Integrated I (/dev/input/event256)
[     8.484] (**) Integrated Camera: Integrated I: Applying InputClass "libinput keyboard catchall"
[     8.484] (II) Using input driver 'libinput' for 'Integrated Camera: Integrated I'
[     8.484] (**) Integrated Camera: Integrated I: always reports core events
[     8.484] (**) Option "Device" "/dev/input/event256"
[     8.486] (II) event256 - Integrated Camera: Integrated I: is tagged by udev as: Keyboard
[     8.486] (II) event256 - Integrated Camera: Integrated I: device is a keyboard
[     8.487] (II) event256 - Integrated Camera: Integrated I: device removed
[     8.522] (**) Option "config_info" "udev:/sys/devices/pci0000:00/0000:00:14.0/usb1/1-7/1-7:1.2/input/input38/event256"
[     8.523] (II) XINPUT: Adding extended input device "Integrated Camera: Integrated I" (type: KEYBOARD, id 16)
[     8.525] (II) event256 - Integrated Camera: Integrated I: is tagged by udev as: Keyboard
[     8.525] (II) event256 - Integrated Camera: Integrated I: device is a keyboard
[     8.527] (II) config/udev: Adding input device Razer Razer Blade (/dev/input/event31)
[     8.527] (**) Razer Razer Blade: Applying InputClass "libinput keyboard catchall"
[     8.527] (II) Using input driver 'libinput' for 'Razer Razer Blade'
[     8.527] (**) Razer Razer Blade: always reports core events
[     8.527] (**) Option "Device" "/dev/input/event31"
[     8.530] (II) event31 - Razer Razer Blade: is tagged by udev as: Keyboard
[     8.530] (II) event31 - Razer Razer Blade: device is a keyboard
[     8.532] (II) event31 - Razer Razer Blade: device removed
[     8.563] (**) Option "config_info" "udev:/sys/devices/pci0000:00/0000:00:14.0/usb1/1-8/1-8:1.0/0003:1532:0253.0001/input/input37/event31"
[     8.563] (II) XINPUT: Adding extended input device "Razer Razer Blade" (type: KEYBOARD, id 17)
[     8.566] (II) event31 - Razer Razer Blade: is tagged by udev as: Keyboard
[     8.566] (II) event31 - Razer Razer Blade: device is a keyboard
[     8.570] (II) config/udev: Adding input device Razer Razer Blade (/dev/input/event6)
[     8.570] (**) Razer Razer Blade: Applying InputClass "libinput keyboard catchall"
[     8.570] (II) Using input driver 'libinput' for 'Razer Razer Blade'
[     8.570] (**) Razer Razer Blade: always reports core events
[     8.570] (**) Option "Device" "/dev/input/event6"
[     8.573] (II) event6  - Razer Razer Blade: is tagged by udev as: Keyboard
[     8.573] (II) event6  - Razer Razer Blade: device is a keyboard
[     8.575] (II) event6  - Razer Razer Blade: device removed
[     8.589] (II) libinput: Razer Razer Blade: needs a virtual subdevice
[     8.590] (**) Option "config_info" "udev:/sys/devices/pci0000:00/0000:00:14.0/usb1/1-8/1-8:1.1/0003:1532:0253.0002/input/input39/event6"
[     8.590] (II) XINPUT: Adding extended input device "Razer Razer Blade" (type: MOUSE, id 18)
[     8.590] (**) Option "AccelerationScheme" "none"
[     8.590] (**) Razer Razer Blade: (accel) selected scheme none/0
[     8.590] (**) Razer Razer Blade: (accel) acceleration factor: 2.000
[     8.590] (**) Razer Razer Blade: (accel) acceleration threshold: 4
[     8.593] (II) event6  - Razer Razer Blade: is tagged by udev as: Keyboard
[     8.593] (II) event6  - Razer Razer Blade: device is a keyboard
[     8.597] (II) config/udev: Adding input device Razer Razer Blade (/dev/input/event7)
[     8.597] (**) Razer Razer Blade: Applying InputClass "libinput pointer catchall"
[     8.597] (II) Using input driver 'libinput' for 'Razer Razer Blade'
[     8.597] (**) Razer Razer Blade: always reports core events
[     8.597] (**) Option "Device" "/dev/input/event7"
[     8.655] (II) event7  - Razer Razer Blade: is tagged by udev as: Mouse
[     8.655] (II) event7  - Razer Razer Blade: device is a pointer
[     8.656] (II) event7  - Razer Razer Blade: device removed
[     8.692] (**) Option "config_info" "udev:/sys/devices/pci0000:00/0000:00:14.0/usb1/1-8/1-8:1.2/0003:1532:0253.0003/input/input40/event7"
[     8.693] (II) XINPUT: Adding extended input device "Razer Razer Blade" (type: MOUSE, id 19)
[     8.693] (**) Option "AccelerationScheme" "none"
[     8.693] (**) Razer Razer Blade: (accel) selected scheme none/0
[     8.693] (**) Razer Razer Blade: (accel) acceleration factor: 2.000
[     8.693] (**) Razer Razer Blade: (accel) acceleration threshold: 4
[     8.750] (II) event7  - Razer Razer Blade: is tagged by udev as: Mouse
[     8.750] (II) event7  - Razer Razer Blade: device is a pointer
[     8.750] (II) config/udev: Adding input device Razer Razer Blade (/dev/input/mouse0)
[     8.750] (II) No input driver specified, ignoring this device.
[     8.750] (II) This device may have been added with another device file.
[     8.751] (II) config/udev: Adding input device 1A582009:00 06CB:CD73 Mouse (/dev/input/event15)
[     8.751] (**) 1A582009:00 06CB:CD73 Mouse: Applying InputClass "libinput pointer catchall"
[     8.751] (II) Using input driver 'libinput' for '1A582009:00 06CB:CD73 Mouse'
[     8.751] (**) 1A582009:00 06CB:CD73 Mouse: always reports core events
[     8.751] (**) Option "Device" "/dev/input/event15"
[     8.751] (II) event15 - 1A582009:00 06CB:CD73 Mouse: is tagged by udev as: Mouse Pointingstick
[     8.751] (II) event15 - 1A582009:00 06CB:CD73 Mouse: device is a pointer
[     8.752] (II) event15 - 1A582009:00 06CB:CD73 Mouse: device removed
[     8.803] (**) Option "config_info" "udev:/sys/devices/pci0000:00/0000:00:15.0/i2c_designware.0/i2c-13/i2c-1A582009:00/0018:06CB:CD73.0006/input/input33/event15"
[     8.803] (II) XINPUT: Adding extended input device "1A582009:00 06CB:CD73 Mouse" (type: MOUSE, id 20)
[     8.803] (**) Option "AccelerationScheme" "none"
[     8.803] (**) 1A582009:00 06CB:CD73 Mouse: (accel) selected scheme none/0
[     8.803] (**) 1A582009:00 06CB:CD73 Mouse: (accel) acceleration factor: 2.000
[     8.803] (**) 1A582009:00 06CB:CD73 Mouse: (accel) acceleration threshold: 4
[     8.805] (II) event15 - 1A582009:00 06CB:CD73 Mouse: is tagged by udev as: Mouse Pointingstick
[     8.806] (II) event15 - 1A582009:00 06CB:CD73 Mouse: device is a pointer
[     8.811] (II) config/udev: Adding input device 1A582009:00 06CB:CD73 Mouse (/dev/input/mouse2)
[     8.811] (II) No input driver specified, ignoring this device.
[     8.811] (II) This device may have been added with another device file.
[     8.813] (II) config/udev: Adding input device 1A582009:00 06CB:CD73 Touchpad (/dev/input/event16)
[     8.813] (**) 1A582009:00 06CB:CD73 Touchpad: Applying InputClass "libinput touchpad catchall"
[     8.813] (**) 1A582009:00 06CB:CD73 Touchpad: Applying InputClass "touchpad catchall"
[     8.813] (**) 1A582009:00 06CB:CD73 Touchpad: Applying InputClass "Default clickpad buttons"
[     8.813] (II) LoadModule: "synaptics"
[     8.813] (II) Loading /usr/lib/xorg/modules/input/synaptics_drv.so
[     8.814] (II) Module synaptics: vendor="X.Org Foundation"
[     8.814]    compiled for 1.21.1.1, module version = 1.9.1
[     8.814]    Module class: X.Org XInput Driver
[     8.814]    ABI class: X.Org XInput driver, version 24.4
[     8.814] (II) Using input driver 'synaptics' for '1A582009:00 06CB:CD73 Touchpad'
[     8.814] (**) 1A582009:00 06CB:CD73 Touchpad: always reports core events
[     8.814] (**) Option "Device" "/dev/input/event16"
[     8.856] (II) synaptics: 1A582009:00 06CB:CD73 Touchpad: found clickpad property
[     8.856] (--) synaptics: 1A582009:00 06CB:CD73 Touchpad: x-axis range 0 - 1519 (res 12)
[     8.856] (--) synaptics: 1A582009:00 06CB:CD73 Touchpad: y-axis range 0 - 914 (res 12)
[     8.856] (II) synaptics: 1A582009:00 06CB:CD73 Touchpad: device does not report pressure, will use touch data.
[     8.856] (II) synaptics: 1A582009:00 06CB:CD73 Touchpad: device does not report finger width.
[     8.856] (--) synaptics: 1A582009:00 06CB:CD73 Touchpad: buttons: left double triple
[     8.856] (--) synaptics: 1A582009:00 06CB:CD73 Touchpad: Vendor 0x6cb Product 0xcd73
[     8.856] (--) synaptics: 1A582009:00 06CB:CD73 Touchpad: invalid pressure range.  defaulting to 0 - 255
[     8.856] (--) synaptics: 1A582009:00 06CB:CD73 Touchpad: invalid finger width range.  defaulting to 0 - 15
[     8.856] (**) Option "SoftButtonAreas" "50% 0 82% 0 0 0 0 0"
[     8.856] (--) synaptics: 1A582009:00 06CB:CD73 Touchpad: touchpad found
[     8.856] (**) 1A582009:00 06CB:CD73 Touchpad: always reports core events
[     8.890] (**) Option "config_info" "udev:/sys/devices/pci0000:00/0000:00:15.0/i2c_designware.0/i2c-13/i2c-1A582009:00/0018:06CB:CD73.0006/input/input34/event16"
[     8.890] (II) XINPUT: Adding extended input device "1A582009:00 06CB:CD73 Touchpad" (type: TOUCHPAD, id 21)
[     8.890] (**) synaptics: 1A582009:00 06CB:CD73 Touchpad: (accel) MinSpeed is now constant deceleration 2.5
[     8.890] (**) synaptics: 1A582009:00 06CB:CD73 Touchpad: (accel) MaxSpeed is now 1.75
[     8.890] (**) synaptics: 1A582009:00 06CB:CD73 Touchpad: (accel) AccelFactor is now 0.113
[     8.890] (**) 1A582009:00 06CB:CD73 Touchpad: (accel) keeping acceleration scheme 1
[     8.890] (**) 1A582009:00 06CB:CD73 Touchpad: (accel) acceleration profile 1
[     8.890] (**) 1A582009:00 06CB:CD73 Touchpad: (accel) acceleration factor: 2.000
[     8.890] (**) 1A582009:00 06CB:CD73 Touchpad: (accel) acceleration threshold: 4
[     8.890] (--) synaptics: 1A582009:00 06CB:CD73 Touchpad: touchpad found
[     8.891] (II) config/udev: Adding input device 1A582009:00 06CB:CD73 Touchpad (/dev/input/mouse3)
[     8.891] (**) 1A582009:00 06CB:CD73 Touchpad: Ignoring device from InputClass "touchpad ignore duplicates"
[     8.892] (II) config/udev: Adding input device HDA Intel PCH Mic (/dev/input/event24)
[     8.892] (II) No input driver specified, ignoring this device.
[     8.892] (II) This device may have been added with another device file.
[     8.893] (II) config/udev: Adding input device HDA Intel PCH Headphone (/dev/input/event25)
[     8.893] (II) No input driver specified, ignoring this device.
[     8.893] (II) This device may have been added with another device file.
[     8.894] (II) config/udev: Adding input device HDA Intel PCH HDMI/DP,pcm=3 (/dev/input/event26)
[     8.894] (II) No input driver specified, ignoring this device.
[     8.894] (II) This device may have been added with another device file.
[     8.895] (II) config/udev: Adding input device HDA Intel PCH HDMI/DP,pcm=7 (/dev/input/event27)
[     8.895] (II) No input driver specified, ignoring this device.
[     8.895] (II) This device may have been added with another device file.
[     8.895] (II) config/udev: Adding input device HDA Intel PCH HDMI/DP,pcm=8 (/dev/input/event28)
[     8.895] (II) No input driver specified, ignoring this device.
[     8.895] (II) This device may have been added with another device file.
[     8.896] (II) config/udev: Adding input device HDA Intel PCH HDMI/DP,pcm=9 (/dev/input/event29)
[     8.896] (II) No input driver specified, ignoring this device.
[     8.896] (II) This device may have been added with another device file.
[     8.897] (II) config/udev: Adding input device HDA Intel PCH HDMI/DP,pcm=10 (/dev/input/event30)
[     8.897] (II) No input driver specified, ignoring this device.
[     8.897] (II) This device may have been added with another device file.
[     8.898] (II) config/udev: Adding input device PC Speaker (/dev/input/event14)
[     8.898] (II) No input driver specified, ignoring this device.
[     8.898] (II) This device may have been added with another device file.
[     8.914] (**) BY Tech Usb Gaming Keyboard Consumer Control: Applying InputClass "libinput keyboard catchall"
[     8.914] (II) Using input driver 'libinput' for 'BY Tech Usb Gaming Keyboard Consumer Control'
[     8.914] (**) BY Tech Usb Gaming Keyboard Consumer Control: always reports core events
[     8.914] (**) Option "Device" "/dev/input/event11"
[     8.914] (II) libinput: BY Tech Usb Gaming Keyboard Consumer Control: is a virtual subdevice
[     8.914] (**) Option "config_info" "udev:/sys/devices/pci0000:00/0000:00:14.0/usb1/1-2/1-2.4/1-2.4:1.1/0003:258A:0016.0005/input/input11/event11"
[     8.914] (II) XINPUT: Adding extended input device "BY Tech Usb Gaming Keyboard Consumer Control" (type: KEYBOARD, id 22)
[     8.914] (**) Razer Razer Blade: Applying InputClass "libinput keyboard catchall"
[     8.914] (II) Using input driver 'libinput' for 'Razer Razer Blade'
[     8.914] (**) Razer Razer Blade: always reports core events
[     8.914] (**) Option "Device" "/dev/input/event6"
[     8.914] (II) libinput: Razer Razer Blade: is a virtual subdevice
[     8.914] (**) Option "config_info" "udev:/sys/devices/pci0000:00/0000:00:14.0/usb1/1-8/1-8:1.1/0003:1532:0253.0002/input/input39/event6"
[     8.914] (II) XINPUT: Adding extended input device "Razer Razer Blade" (type: KEYBOARD, id 23)
[     8.937] (II) config/udev: Adding input device Razer Razer Blade (/dev/input/mouse0)
[     8.937] (II) No input driver specified, ignoring this device.
[     8.937] (II) This device may have been added with another device file.
[     8.940] (II) config/udev: removing device Integrated Camera: Integrated C
[     8.940] (II) event5  - Integrated Camera: Integrated C: device removed
[     9.019] (II) UnloadModule: "libinput"
[     9.020] (II) config/udev: Adding input device Integrated Camera: Integrated C (/dev/input/event5)
[     9.020] (**) Integrated Camera: Integrated C: Applying InputClass "libinput keyboard catchall"
[     9.020] (II) Using input driver 'libinput' for 'Integrated Camera: Integrated C'
[     9.020] (**) Integrated Camera: Integrated C: always reports core events
[     9.020] (**) Option "Device" "/dev/input/event5"
[     9.022] (II) event5  - Integrated Camera: Integrated C: is tagged by udev as: Keyboard
[     9.023] (II) event5  - Integrated Camera: Integrated C: device is a keyboard
[     9.024] (II) event5  - Integrated Camera: Integrated C: device removed
[     9.066] (**) Option "config_info" "udev:/sys/devices/pci0000:00/0000:00:14.0/usb1/1-7/1-7:1.0/input/input36/event5"
[     9.066] (II) XINPUT: Adding extended input device "Integrated Camera: Integrated C" (type: KEYBOARD, id 15)
[     9.069] (II) event5  - Integrated Camera: Integrated C: is tagged by udev as: Keyboard
[     9.069] (II) event5  - Integrated Camera: Integrated C: device is a keyboard
[     9.070] (II) config/udev: removing device Razer Razer Blade
[     9.070] (II) event31 - Razer Razer Blade: device removed
[     9.093] (II) UnloadModule: "libinput"
[     9.094] (II) config/udev: Adding input device Razer Razer Blade (/dev/input/event31)
[     9.094] (**) Razer Razer Blade: Applying InputClass "libinput keyboard catchall"
[     9.094] (II) Using input driver 'libinput' for 'Razer Razer Blade'
[     9.094] (**) Razer Razer Blade: always reports core events
[     9.094] (**) Option "Device" "/dev/input/event31"
[     9.096] (II) event31 - Razer Razer Blade: is tagged by udev as: Keyboard
[     9.097] (II) event31 - Razer Razer Blade: device is a keyboard
[     9.098] (II) event31 - Razer Razer Blade: device removed
[     9.119] (**) Option "config_info" "udev:/sys/devices/pci0000:00/0000:00:14.0/usb1/1-8/1-8:1.0/0003:1532:0253.0001/input/input37/event31"
[     9.119] (II) XINPUT: Adding extended input device "Razer Razer Blade" (type: KEYBOARD, id 17)
[     9.120] (II) event31 - Razer Razer Blade: is tagged by udev as: Keyboard
[     9.120] (II) event31 - Razer Razer Blade: device is a keyboard
[     9.121] (II) config/udev: removing device Razer Razer Blade
[     9.121] (II) UnloadModule: "libinput"
[     9.121] (II) config/udev: removing device Razer Razer Blade
[     9.121] (II) event6  - Razer Razer Blade: device removed
[     9.136] (II) UnloadModule: "libinput"
[     9.136] (II) config/udev: Adding input device Razer Razer Blade (/dev/input/event6)
[     9.136] (**) Razer Razer Blade: Applying InputClass "libinput keyboard catchall"
[     9.136] (II) Using input driver 'libinput' for 'Razer Razer Blade'
[     9.136] (**) Razer Razer Blade: always reports core events
[     9.136] (**) Option "Device" "/dev/input/event6"
[     9.137] (II) event6  - Razer Razer Blade: is tagged by udev as: Keyboard
[     9.137] (II) event6  - Razer Razer Blade: device is a keyboard
[     9.138] (II) event6  - Razer Razer Blade: device removed
[     9.156] (II) libinput: Razer Razer Blade: needs a virtual subdevice
[     9.156] (**) Option "config_info" "udev:/sys/devices/pci0000:00/0000:00:14.0/usb1/1-8/1-8:1.1/0003:1532:0253.0002/input/input39/event6"
[     9.156] (II) XINPUT: Adding extended input device "Razer Razer Blade" (type: MOUSE, id 18)
[     9.156] (**) Option "AccelerationScheme" "none"
[     9.156] (**) Razer Razer Blade: (accel) selected scheme none/0
[     9.156] (**) Razer Razer Blade: (accel) acceleration factor: 2.000
[     9.156] (**) Razer Razer Blade: (accel) acceleration threshold: 4
[     9.158] (II) event6  - Razer Razer Blade: is tagged by udev as: Keyboard
[     9.158] (II) event6  - Razer Razer Blade: device is a keyboard
[     9.160] (**) Razer Razer Blade: Applying InputClass "libinput keyboard catchall"
[     9.160] (II) Using input driver 'libinput' for 'Razer Razer Blade'
[     9.160] (**) Razer Razer Blade: always reports core events
[     9.160] (**) Option "Device" "/dev/input/event6"
[     9.160] (II) libinput: Razer Razer Blade: is a virtual subdevice
[     9.160] (**) Option "config_info" "udev:/sys/devices/pci0000:00/0000:00:14.0/usb1/1-8/1-8:1.1/0003:1532:0253.0002/input/input39/event6"
[     9.160] (II) XINPUT: Adding extended input device "Razer Razer Blade" (type: KEYBOARD, id 23)
[     9.161] (II) config/udev: removing device Razer Razer Blade
[     9.161] (II) event7  - Razer Razer Blade: device removed
[     9.199] (II) UnloadModule: "libinput"
[     9.200] (II) config/udev: Adding input device Razer Razer Blade (/dev/input/event7)
[     9.200] (**) Razer Razer Blade: Applying InputClass "libinput pointer catchall"
[     9.200] (II) Using input driver 'libinput' for 'Razer Razer Blade'
[     9.200] (**) Razer Razer Blade: always reports core events
[     9.200] (**) Option "Device" "/dev/input/event7"
[     9.259] (II) event7  - Razer Razer Blade: is tagged by udev as: Mouse
[     9.259] (II) event7  - Razer Razer Blade: device is a pointer
[     9.260] (II) event7  - Razer Razer Blade: device removed
[     9.310] (**) Option "config_info" "udev:/sys/devices/pci0000:00/0000:00:14.0/usb1/1-8/1-8:1.2/0003:1532:0253.0003/input/input40/event7"
[     9.310] (II) XINPUT: Adding extended input device "Razer Razer Blade" (type: MOUSE, id 19)
[     9.310] (**) Option "AccelerationScheme" "none"
[     9.310] (**) Razer Razer Blade: (accel) selected scheme none/0
[     9.310] (**) Razer Razer Blade: (accel) acceleration factor: 2.000
[     9.310] (**) Razer Razer Blade: (accel) acceleration threshold: 4
[     9.368] (II) event7  - Razer Razer Blade: is tagged by udev as: Mouse
[     9.368] (II) event7  - Razer Razer Blade: device is a pointer
[    15.167] (II) modeset(0): EDID vendor "AUO", prod id 56974
[    15.167] (II) modeset(0): Using EDID range info for horizontal sync
[    15.167] (II) modeset(0): Using EDID range info for vertical refresh
[    15.167] (II) modeset(0): Printing DDC gathered Modelines:
[    15.167] (II) modeset(0): Modeline "1920x1080"x0.0  533.28  1920 1968 2000 2000  1080 1090 1095 1111 -hsync -vsync (266.6 kHz eP)
[    15.167] (II) modeset(0): Modeline "1920x1080"x0.0  133.40  1920 1968 2000 2000  1080 1090 1095 1111 -hsync -vsync (66.7 kHz e)
[    15.642] (II) modeset(0): EDID vendor "AUO", prod id 56974
[    15.642] (II) modeset(0): Using hsync ranges from config file
[    15.642] (II) modeset(0): Using vrefresh ranges from config file
[    15.642] (II) modeset(0): Printing DDC gathered Modelines:
[    15.642] (II) modeset(0): Modeline "1920x1080"x0.0  533.28  1920 1968 2000 2000  1080 1090 1095 1111 -hsync -vsync (266.6 kHz eP)
[    15.642] (II) modeset(0): Modeline "1920x1080"x0.0  133.40  1920 1968 2000 2000  1080 1090 1095 1111 -hsync -vsync (66.7 kHz e)
[    17.925] (II) config/udev: Adding input device MX Vertical Mouse (/dev/input/mouse4)
[    17.925] (II) No input driver specified, ignoring this device.
[    17.925] (II) This device may have been added with another device file.
[    17.978] (II) config/udev: Adding input device MX Vertical Mouse (/dev/input/event8)
[    17.978] (**) MX Vertical Mouse: Applying InputClass "libinput pointer catchall"
[    17.978] (II) Using input driver 'libinput' for 'MX Vertical Mouse'
[    17.978] (**) MX Vertical Mouse: always reports core events
[    17.978] (**) Option "Device" "/dev/input/event8"
[    17.978] (II) event8  - MX Vertical Mouse: is tagged by udev as: Mouse
[    17.978] (II) event8  - MX Vertical Mouse: device is a pointer
[    17.979] (II) event8  - MX Vertical Mouse: device removed
[    18.026] (**) Option "config_info" "udev:/sys/devices/virtual/misc/uhid/0005:046D:B020.0007/input/input41/event8"
[    18.026] (II) XINPUT: Adding extended input device "MX Vertical Mouse" (type: MOUSE, id 24)
[    18.026] (**) Option "AccelerationScheme" "none"
[    18.027] (**) MX Vertical Mouse: (accel) selected scheme none/0
[    18.027] (**) MX Vertical Mouse: (accel) acceleration factor: 2.000
[    18.027] (**) MX Vertical Mouse: (accel) acceleration threshold: 4
[    18.027] (II) event8  - MX Vertical Mouse: is tagged by udev as: Mouse
[    18.027] (II) event8  - MX Vertical Mouse: device is a pointer
[   161.157] (EE) modeset(0): failed to set mode: No such file or directory
[   538.769] (EE) event9  - BY Tech Usb Gaming Keyboard: client bug: event processing lagging behind by 23ms, your system is too slow
[   551.531] (EE) event9  - BY Tech Usb Gaming Keyboard: client bug: event processing lagging behind by 29ms, your system is too slow
[   832.477] (EE) event9  - BY Tech Usb Gaming Keyboard: client bug: event processing lagging behind by 21ms, your system is too slow
[  1041.942] (EE) modeset(0): failed to set mode: No such file or directory
[  1047.250] (EE) modeset(0): failed to set mode: No such file or directory
[  1059.514] (EE) event9  - BY Tech Usb Gaming Keyboard: client bug: event processing lagging behind by 28ms, your system is too slow
[  1073.337] (EE) modeset(0): failed to set mode: No such file or directory
[  1088.720] (EE) modeset(0): failed to set mode: No such file or directory
[  1124.952] (EE) modeset(0): failed to set mode: No such file or directory
[  1131.438] (EE) modeset(0): failed to set mode: No such file or directory
[  1135.305] (EE) modeset(0): failed to set mode: No such file or directory
[  1146.493] (EE) modeset(0): failed to set mode: No such file or directory
[  1164.871] (EE) event9  - BY Tech Usb Gaming Keyboard: client bug: event processing lagging behind by 35ms, your system is too slow
[  1164.871] (EE) event9  - BY Tech Usb Gaming Keyboard: WARNING: log rate limit exceeded (5 msgs per 60min). Discarding future messages.
[  1171.959] (EE) modeset(0): failed to set mode: No such file or directory
[  1585.755] (II) modeset(0): EDID vendor "AUO", prod id 56974
[  1585.755] (II) modeset(0): Using hsync ranges from config file
[  1585.755] (II) modeset(0): Using vrefresh ranges from config file
[  1585.755] (II) modeset(0): Printing DDC gathered Modelines:
[  1585.755] (II) modeset(0): Modeline "1920x1080"x0.0  533.28  1920 1968 2000 2000  1080 1090 1095 1111 -hsync -vsync (266.6 kHz eP)
[  1585.755] (II) modeset(0): Modeline "1920x1080"x0.0  133.40  1920 1968 2000 2000  1080 1090 1095 1111 -hsync -vsync (66.7 kHz e)
[  1633.371] (II) modeset(0): EDID vendor "AUO", prod id 56974
[  1633.371] (II) modeset(0): Using hsync ranges from config file
[  1633.371] (II) modeset(0): Using vrefresh ranges from config file
[  1633.371] (II) modeset(0): Printing DDC gathered Modelines:
[  1633.371] (II) modeset(0): Modeline "1920x1080"x0.0  533.28  1920 1968 2000 2000  1080 1090 1095 1111 -hsync -vsync (266.6 kHz eP)
[  1633.371] (II) modeset(0): Modeline "1920x1080"x0.0  133.40  1920 1968 2000 2000  1080 1090 1095 1111 -hsync -vsync (66.7 kHz e)
